<?xml version="1.0" encoding="UTF-8"?>
<!-- Generated by org.testng.reporters.JUnitXMLReporter -->
<testsuite hostname="Apurwa-PC" name="login  Test" tests="1" failures="0" timestamp="16 May 2016 07:44:40 GMT" time="0.019" errors="0">
  <testcase name="@BeforeTest checkTestSkip" time="0.0" classname="com.fastudent.login.Login">
    <skipped/>
  </testcase> <!-- @BeforeTest checkTestSkip -->
  <testcase name="@AfterMethod reportDataSetResult" time="0.0" classname="com.fastudent.login.Login">
    <skipped/>
  </testcase> <!-- @AfterMethod reportDataSetResult -->
  <testcase name="@AfterTest reportTestResult" time="0.0" classname="com.fastudent.login.Login">
    <skipped/>
  </testcase> <!-- @AfterTest reportTestResult -->
  <testcase name="LoginMethod" time="0.0" classname="com.fastudent.login.Login">
    <skipped/>
  </testcase> <!-- LoginMethod -->
</testsuite> <!-- login  Test -->
