<?xml version="1.0" encoding="UTF-8"?>
<!-- Generated by org.testng.reporters.JUnitXMLReporter -->
<testsuite hostname="Apurwa-PC" name="order placing  Test" tests="1" failures="0" timestamp="20 May 2016 07:43:06 GMT" time="0.003" errors="0">
  <testcase name="@BeforeTest checkTestSkip" time="0.0" classname="com.fastudent.orderplacing.OrderPlace">
    <skipped/>
  </testcase> <!-- @BeforeTest checkTestSkip -->
  <testcase name="@AfterMethod reportDataSetResult" time="0.0" classname="com.fastudent.orderplacing.OrderPlace">
    <skipped/>
  </testcase> <!-- @AfterMethod reportDataSetResult -->
  <testcase name="@AfterTest reportTestResult" time="0.0" classname="com.fastudent.orderplacing.OrderPlace">
    <skipped/>
  </testcase> <!-- @AfterTest reportTestResult -->
  <testcase name="AddProduct" time="0.0" classname="com.fastudent.orderplacing.OrderPlace">
    <skipped/>
  </testcase> <!-- AddProduct -->
</testsuite> <!-- order placing  Test -->
